<?xml version="1.0" encoding="UTF-8"?>
<testsuite xmlns:xsi="http://www.w3.org/2001/XMLSchema-instance" xsi:noNamespaceSchemaLocation="https://maven.apache.org/surefire/maven-surefire-plugin/xsd/surefire-test-report.xsd" name="com.example.WebAppAss.WebAppAssApplicationTests" time="2.909" tests="1" errors="0" skipped="0" failures="0">
  <properties>
    <property name="java.specification.version" value="17"/>
    <property name="sun.cpu.isalist" value="amd64"/>
    <property name="sun.jnu.encoding" value="Cp1252"/>
    <property name="java.class.path" value="D:\DevopsProject\WebApp\WebAppAss\target\test-classes;D:\DevopsProject\WebApp\WebAppAss\target\classes;C:\Users\Z004MBAP\.m2\repository\org\springframework\boot\spring-boot-starter-web\3.0.0-M5\spring-boot-starter-web-3.0.0-M5.jar;C:\Users\Z004MBAP\.m2\repository\org\springframework\boot\spring-boot-starter\3.0.0-M5\spring-boot-starter-3.0.0-M5.jar;C:\Users\Z004MBAP\.m2\repository\org\springframework\boot\spring-boot\3.0.0-M5\spring-boot-3.0.0-M5.jar;C:\Users\Z004MBAP\.m2\repository\org\springframework\boot\spring-boot-autoconfigure\3.0.0-M5\spring-boot-autoconfigure-3.0.0-M5.jar;C:\Users\Z004MBAP\.m2\repository\org\springframework\boot\spring-boot-starter-logging\3.0.0-M5\spring-boot-starter-logging-3.0.0-M5.jar;C:\Users\Z004MBAP\.m2\repository\ch\qos\logback\logback-classic\1.2.11\logback-classic-1.2.11.jar;C:\Users\Z004MBAP\.m2\repository\ch\qos\logback\logback-core\1.2.11\logback-core-1.2.11.jar;C:\Users\Z004MBAP\.m2\repository\org\apache\logging\log4j\log4j-to-slf4j\2.18.0\log4j-to-slf4j-2.18.0.jar;C:\Users\Z004MBAP\.m2\repository\org\apache\logging\log4j\log4j-api\2.18.0\log4j-api-2.18.0.jar;C:\Users\Z004MBAP\.m2\repository\org\slf4j\jul-to-slf4j\1.7.36\jul-to-slf4j-1.7.36.jar;C:\Users\Z004MBAP\.m2\repository\jakarta\annotation\jakarta.annotation-api\2.0.0\jakarta.annotation-api-2.0.0.jar;C:\Users\Z004MBAP\.m2\repository\org\yaml\snakeyaml\1.32\snakeyaml-1.32.jar;C:\Users\Z004MBAP\.m2\repository\org\springframework\boot\spring-boot-starter-json\3.0.0-M5\spring-boot-starter-json-3.0.0-M5.jar;C:\Users\Z004MBAP\.m2\repository\com\fasterxml\jackson\core\jackson-databind\2.13.4\jackson-databind-2.13.4.jar;C:\Users\Z004MBAP\.m2\repository\com\fasterxml\jackson\core\jackson-annotations\2.13.4\jackson-annotations-2.13.4.jar;C:\Users\Z004MBAP\.m2\repository\com\fasterxml\jackson\core\jackson-core\2.13.4\jackson-core-2.13.4.jar;C:\Users\Z004MBAP\.m2\repository\com\fasterxml\jackson\datatype\jackson-datatype-jdk8\2.13.4\jackson-datatype-jdk8-2.13.4.jar;C:\Users\Z004MBAP\.m2\repository\com\fasterxml\jackson\datatype\jackson-datatype-jsr310\2.13.4\jackson-datatype-jsr310-2.13.4.jar;C:\Users\Z004MBAP\.m2\repository\com\fasterxml\jackson\module\jackson-module-parameter-names\2.13.4\jackson-module-parameter-names-2.13.4.jar;C:\Users\Z004MBAP\.m2\repository\org\springframework\boot\spring-boot-starter-tomcat\3.0.0-M5\spring-boot-starter-tomcat-3.0.0-M5.jar;C:\Users\Z004MBAP\.m2\repository\org\apache\tomcat\embed\tomcat-embed-core\10.0.23\tomcat-embed-core-10.0.23.jar;C:\Users\Z004MBAP\.m2\repository\org\apache\tomcat\embed\tomcat-embed-el\10.0.23\tomcat-embed-el-10.0.23.jar;C:\Users\Z004MBAP\.m2\repository\org\apache\tomcat\embed\tomcat-embed-websocket\10.0.23\tomcat-embed-websocket-10.0.23.jar;C:\Users\Z004MBAP\.m2\repository\org\springframework\spring-web\6.0.0-M6\spring-web-6.0.0-M6.jar;C:\Users\Z004MBAP\.m2\repository\org\springframework\spring-beans\6.0.0-M6\spring-beans-6.0.0-M6.jar;C:\Users\Z004MBAP\.m2\repository\io\micrometer\micrometer-observation\1.10.0-M6\micrometer-observation-1.10.0-M6.jar;C:\Users\Z004MBAP\.m2\repository\io\micrometer\micrometer-commons\1.10.0-M6\micrometer-commons-1.10.0-M6.jar;C:\Users\Z004MBAP\.m2\repository\org\springframework\spring-webmvc\6.0.0-M6\spring-webmvc-6.0.0-M6.jar;C:\Users\Z004MBAP\.m2\repository\org\springframework\spring-aop\6.0.0-M6\spring-aop-6.0.0-M6.jar;C:\Users\Z004MBAP\.m2\repository\org\springframework\spring-context\6.0.0-M6\spring-context-6.0.0-M6.jar;C:\Users\Z004MBAP\.m2\repository\org\springframework\spring-expression\6.0.0-M6\spring-expression-6.0.0-M6.jar;C:\Users\Z004MBAP\.m2\repository\org\projectlombok\lombok\1.18.24\lombok-1.18.24.jar;C:\Users\Z004MBAP\.m2\repository\org\springframework\boot\spring-boot-starter-test\3.0.0-M5\spring-boot-starter-test-3.0.0-M5.jar;C:\Users\Z004MBAP\.m2\repository\org\springframework\boot\spring-boot-test\3.0.0-M5\spring-boot-test-3.0.0-M5.jar;C:\Users\Z004MBAP\.m2\repository\org\springframework\boot\spring-boot-test-autoconfigure\3.0.0-M5\spring-boot-test-autoconfigure-3.0.0-M5.jar;C:\Users\Z004MBAP\.m2\repository\com\jayway\jsonpath\json-path\2.7.0\json-path-2.7.0.jar;C:\Users\Z004MBAP\.m2\repository\net\minidev\json-smart\2.4.8\json-smart-2.4.8.jar;C:\Users\Z004MBAP\.m2\repository\net\minidev\accessors-smart\2.4.8\accessors-smart-2.4.8.jar;C:\Users\Z004MBAP\.m2\repository\org\ow2\asm\asm\9.1\asm-9.1.jar;C:\Users\Z004MBAP\.m2\repository\org\slf4j\slf4j-api\1.7.36\slf4j-api-1.7.36.jar;C:\Users\Z004MBAP\.m2\repository\jakarta\xml\bind\jakarta.xml.bind-api\3.0.1\jakarta.xml.bind-api-3.0.1.jar;C:\Users\Z004MBAP\.m2\repository\com\sun\activation\jakarta.activation\2.0.1\jakarta.activation-2.0.1.jar;C:\Users\Z004MBAP\.m2\repository\org\assertj\assertj-core\3.23.1\assertj-core-3.23.1.jar;C:\Users\Z004MBAP\.m2\repository\net\bytebuddy\byte-buddy\1.12.17\byte-buddy-1.12.17.jar;C:\Users\Z004MBAP\.m2\repository\org\hamcrest\hamcrest\2.2\hamcrest-2.2.jar;C:\Users\Z004MBAP\.m2\repository\org\junit\jupiter\junit-jupiter\5.9.1\junit-jupiter-5.9.1.jar;C:\Users\Z004MBAP\.m2\repository\org\junit\jupiter\junit-jupiter-api\5.9.1\junit-jupiter-api-5.9.1.jar;C:\Users\Z004MBAP\.m2\repository\org\opentest4j\opentest4j\1.2.0\opentest4j-1.2.0.jar;C:\Users\Z004MBAP\.m2\repository\org\junit\platform\junit-platform-commons\1.9.1\junit-platform-commons-1.9.1.jar;C:\Users\Z004MBAP\.m2\repository\org\apiguardian\apiguardian-api\1.1.2\apiguardian-api-1.1.2.jar;C:\Users\Z004MBAP\.m2\repository\org\junit\jupiter\junit-jupiter-params\5.9.1\junit-jupiter-params-5.9.1.jar;C:\Users\Z004MBAP\.m2\repository\org\junit\jupiter\junit-jupiter-engine\5.9.1\junit-jupiter-engine-5.9.1.jar;C:\Users\Z004MBAP\.m2\repository\org\junit\platform\junit-platform-engine\1.9.1\junit-platform-engine-1.9.1.jar;C:\Users\Z004MBAP\.m2\repository\org\mockito\mockito-core\4.8.0\mockito-core-4.8.0.jar;C:\Users\Z004MBAP\.m2\repository\net\bytebuddy\byte-buddy-agent\1.12.17\byte-buddy-agent-1.12.17.jar;C:\Users\Z004MBAP\.m2\repository\org\objenesis\objenesis\3.2\objenesis-3.2.jar;C:\Users\Z004MBAP\.m2\repository\org\mockito\mockito-junit-jupiter\4.8.0\mockito-junit-jupiter-4.8.0.jar;C:\Users\Z004MBAP\.m2\repository\org\skyscreamer\jsonassert\1.5.1\jsonassert-1.5.1.jar;C:\Users\Z004MBAP\.m2\repository\com\vaadin\external\google\android-json\0.0.20131108.vaadin1\android-json-0.0.20131108.vaadin1.jar;C:\Users\Z004MBAP\.m2\repository\org\springframework\spring-core\6.0.0-M6\spring-core-6.0.0-M6.jar;C:\Users\Z004MBAP\.m2\repository\org\springframework\spring-jcl\6.0.0-M6\spring-jcl-6.0.0-M6.jar;C:\Users\Z004MBAP\.m2\repository\org\springframework\spring-test\6.0.0-M6\spring-test-6.0.0-M6.jar;C:\Users\Z004MBAP\.m2\repository\org\xmlunit\xmlunit-core\2.9.0\xmlunit-core-2.9.0.jar;"/>
    <property name="java.vm.vendor" value="Amazon.com Inc."/>
    <property name="sun.arch.data.model" value="64"/>
    <property name="user.variant" value=""/>
    <property name="java.vendor.url" value="https://aws.amazon.com/corretto/"/>
    <property name="user.timezone" value="Asia/Calcutta"/>
    <property name="os.name" value="Windows 10"/>
    <property name="java.vm.specification.version" value="17"/>
    <property name="sun.java.launcher" value="SUN_STANDARD"/>
    <property name="user.country" value="US"/>
    <property name="sun.boot.library.path" value="C:\Users\Z004MBAP\.jdks\corretto-17.0.4.1\bin"/>
    <property name="sun.java.command" value="C:\Users\Z004MBAP\AppData\Local\Temp\surefire12982554167397547167\surefirebooter1890603946671170791.jar C:\Users\Z004MBAP\AppData\Local\Temp\surefire12982554167397547167 2022-10-02T15-11-27_787-jvmRun1 surefire12080277465794725770tmp surefire_06289095249931198444tmp"/>
    <property name="jdk.debug" value="release"/>
    <property name="surefire.test.class.path" value="D:\DevopsProject\WebApp\WebAppAss\target\test-classes;D:\DevopsProject\WebApp\WebAppAss\target\classes;C:\Users\Z004MBAP\.m2\repository\org\springframework\boot\spring-boot-starter-web\3.0.0-M5\spring-boot-starter-web-3.0.0-M5.jar;C:\Users\Z004MBAP\.m2\repository\org\springframework\boot\spring-boot-starter\3.0.0-M5\spring-boot-starter-3.0.0-M5.jar;C:\Users\Z004MBAP\.m2\repository\org\springframework\boot\spring-boot\3.0.0-M5\spring-boot-3.0.0-M5.jar;C:\Users\Z004MBAP\.m2\repository\org\springframework\boot\spring-boot-autoconfigure\3.0.0-M5\spring-boot-autoconfigure-3.0.0-M5.jar;C:\Users\Z004MBAP\.m2\repository\org\springframework\boot\spring-boot-starter-logging\3.0.0-M5\spring-boot-starter-logging-3.0.0-M5.jar;C:\Users\Z004MBAP\.m2\repository\ch\qos\logback\logback-classic\1.2.11\logback-classic-1.2.11.jar;C:\Users\Z004MBAP\.m2\repository\ch\qos\logback\logback-core\1.2.11\logback-core-1.2.11.jar;C:\Users\Z004MBAP\.m2\repository\org\apache\logging\log4j\log4j-to-slf4j\2.18.0\log4j-to-slf4j-2.18.0.jar;C:\Users\Z004MBAP\.m2\repository\org\apache\logging\log4j\log4j-api\2.18.0\log4j-api-2.18.0.jar;C:\Users\Z004MBAP\.m2\repository\org\slf4j\jul-to-slf4j\1.7.36\jul-to-slf4j-1.7.36.jar;C:\Users\Z004MBAP\.m2\repository\jakarta\annotation\jakarta.annotation-api\2.0.0\jakarta.annotation-api-2.0.0.jar;C:\Users\Z004MBAP\.m2\repository\org\yaml\snakeyaml\1.32\snakeyaml-1.32.jar;C:\Users\Z004MBAP\.m2\repository\org\springframework\boot\spring-boot-starter-json\3.0.0-M5\spring-boot-starter-json-3.0.0-M5.jar;C:\Users\Z004MBAP\.m2\repository\com\fasterxml\jackson\core\jackson-databind\2.13.4\jackson-databind-2.13.4.jar;C:\Users\Z004MBAP\.m2\repository\com\fasterxml\jackson\core\jackson-annotations\2.13.4\jackson-annotations-2.13.4.jar;C:\Users\Z004MBAP\.m2\repository\com\fasterxml\jackson\core\jackson-core\2.13.4\jackson-core-2.13.4.jar;C:\Users\Z004MBAP\.m2\repository\com\fasterxml\jackson\datatype\jackson-datatype-jdk8\2.13.4\jackson-datatype-jdk8-2.13.4.jar;C:\Users\Z004MBAP\.m2\repository\com\fasterxml\jackson\datatype\jackson-datatype-jsr310\2.13.4\jackson-datatype-jsr310-2.13.4.jar;C:\Users\Z004MBAP\.m2\repository\com\fasterxml\jackson\module\jackson-module-parameter-names\2.13.4\jackson-module-parameter-names-2.13.4.jar;C:\Users\Z004MBAP\.m2\repository\org\springframework\boot\spring-boot-starter-tomcat\3.0.0-M5\spring-boot-starter-tomcat-3.0.0-M5.jar;C:\Users\Z004MBAP\.m2\repository\org\apache\tomcat\embed\tomcat-embed-core\10.0.23\tomcat-embed-core-10.0.23.jar;C:\Users\Z004MBAP\.m2\repository\org\apache\tomcat\embed\tomcat-embed-el\10.0.23\tomcat-embed-el-10.0.23.jar;C:\Users\Z004MBAP\.m2\repository\org\apache\tomcat\embed\tomcat-embed-websocket\10.0.23\tomcat-embed-websocket-10.0.23.jar;C:\Users\Z004MBAP\.m2\repository\org\springframework\spring-web\6.0.0-M6\spring-web-6.0.0-M6.jar;C:\Users\Z004MBAP\.m2\repository\org\springframework\spring-beans\6.0.0-M6\spring-beans-6.0.0-M6.jar;C:\Users\Z004MBAP\.m2\repository\io\micrometer\micrometer-observation\1.10.0-M6\micrometer-observation-1.10.0-M6.jar;C:\Users\Z004MBAP\.m2\repository\io\micrometer\micrometer-commons\1.10.0-M6\micrometer-commons-1.10.0-M6.jar;C:\Users\Z004MBAP\.m2\repository\org\springframework\spring-webmvc\6.0.0-M6\spring-webmvc-6.0.0-M6.jar;C:\Users\Z004MBAP\.m2\repository\org\springframework\spring-aop\6.0.0-M6\spring-aop-6.0.0-M6.jar;C:\Users\Z004MBAP\.m2\repository\org\springframework\spring-context\6.0.0-M6\spring-context-6.0.0-M6.jar;C:\Users\Z004MBAP\.m2\repository\org\springframework\spring-expression\6.0.0-M6\spring-expression-6.0.0-M6.jar;C:\Users\Z004MBAP\.m2\repository\org\projectlombok\lombok\1.18.24\lombok-1.18.24.jar;C:\Users\Z004MBAP\.m2\repository\org\springframework\boot\spring-boot-starter-test\3.0.0-M5\spring-boot-starter-test-3.0.0-M5.jar;C:\Users\Z004MBAP\.m2\repository\org\springframework\boot\spring-boot-test\3.0.0-M5\spring-boot-test-3.0.0-M5.jar;C:\Users\Z004MBAP\.m2\repository\org\springframework\boot\spring-boot-test-autoconfigure\3.0.0-M5\spring-boot-test-autoconfigure-3.0.0-M5.jar;C:\Users\Z004MBAP\.m2\repository\com\jayway\jsonpath\json-path\2.7.0\json-path-2.7.0.jar;C:\Users\Z004MBAP\.m2\repository\net\minidev\json-smart\2.4.8\json-smart-2.4.8.jar;C:\Users\Z004MBAP\.m2\repository\net\minidev\accessors-smart\2.4.8\accessors-smart-2.4.8.jar;C:\Users\Z004MBAP\.m2\repository\org\ow2\asm\asm\9.1\asm-9.1.jar;C:\Users\Z004MBAP\.m2\repository\org\slf4j\slf4j-api\1.7.36\slf4j-api-1.7.36.jar;C:\Users\Z004MBAP\.m2\repository\jakarta\xml\bind\jakarta.xml.bind-api\3.0.1\jakarta.xml.bind-api-3.0.1.jar;C:\Users\Z004MBAP\.m2\repository\com\sun\activation\jakarta.activation\2.0.1\jakarta.activation-2.0.1.jar;C:\Users\Z004MBAP\.m2\repository\org\assertj\assertj-core\3.23.1\assertj-core-3.23.1.jar;C:\Users\Z004MBAP\.m2\repository\net\bytebuddy\byte-buddy\1.12.17\byte-buddy-1.12.17.jar;C:\Users\Z004MBAP\.m2\repository\org\hamcrest\hamcrest\2.2\hamcrest-2.2.jar;C:\Users\Z004MBAP\.m2\repository\org\junit\jupiter\junit-jupiter\5.9.1\junit-jupiter-5.9.1.jar;C:\Users\Z004MBAP\.m2\repository\org\junit\jupiter\junit-jupiter-api\5.9.1\junit-jupiter-api-5.9.1.jar;C:\Users\Z004MBAP\.m2\repository\org\opentest4j\opentest4j\1.2.0\opentest4j-1.2.0.jar;C:\Users\Z004MBAP\.m2\repository\org\junit\platform\junit-platform-commons\1.9.1\junit-platform-commons-1.9.1.jar;C:\Users\Z004MBAP\.m2\repository\org\apiguardian\apiguardian-api\1.1.2\apiguardian-api-1.1.2.jar;C:\Users\Z004MBAP\.m2\repository\org\junit\jupiter\junit-jupiter-params\5.9.1\junit-jupiter-params-5.9.1.jar;C:\Users\Z004MBAP\.m2\repository\org\junit\jupiter\junit-jupiter-engine\5.9.1\junit-jupiter-engine-5.9.1.jar;C:\Users\Z004MBAP\.m2\repository\org\junit\platform\junit-platform-engine\1.9.1\junit-platform-engine-1.9.1.jar;C:\Users\Z004MBAP\.m2\repository\org\mockito\mockito-core\4.8.0\mockito-core-4.8.0.jar;C:\Users\Z004MBAP\.m2\repository\net\bytebuddy\byte-buddy-agent\1.12.17\byte-buddy-agent-1.12.17.jar;C:\Users\Z004MBAP\.m2\repository\org\objenesis\objenesis\3.2\objenesis-3.2.jar;C:\Users\Z004MBAP\.m2\repository\org\mockito\mockito-junit-jupiter\4.8.0\mockito-junit-jupiter-4.8.0.jar;C:\Users\Z004MBAP\.m2\repository\org\skyscreamer\jsonassert\1.5.1\jsonassert-1.5.1.jar;C:\Users\Z004MBAP\.m2\repository\com\vaadin\external\google\android-json\0.0.20131108.vaadin1\android-json-0.0.20131108.vaadin1.jar;C:\Users\Z004MBAP\.m2\repository\org\springframework\spring-core\6.0.0-M6\spring-core-6.0.0-M6.jar;C:\Users\Z004MBAP\.m2\repository\org\springframework\spring-jcl\6.0.0-M6\spring-jcl-6.0.0-M6.jar;C:\Users\Z004MBAP\.m2\repository\org\springframework\spring-test\6.0.0-M6\spring-test-6.0.0-M6.jar;C:\Users\Z004MBAP\.m2\repository\org\xmlunit\xmlunit-core\2.9.0\xmlunit-core-2.9.0.jar;"/>
    <property name="sun.cpu.endian" value="little"/>
    <property name="user.home" value="C:\Users\Z004MBAP"/>
    <property name="user.language" value="en"/>
    <property name="java.specification.vendor" value="Oracle Corporation"/>
    <property name="java.version.date" value="2022-08-12"/>
    <property name="java.home" value="C:\Users\Z004MBAP\.jdks\corretto-17.0.4.1"/>
    <property name="file.separator" value="\"/>
    <property name="basedir" value="D:\DevopsProject\WebApp\WebAppAss"/>
    <property name="java.vm.compressedOopsMode" value="Zero based"/>
    <property name="line.separator" value="&#10;"/>
    <property name="java.vm.specification.vendor" value="Oracle Corporation"/>
    <property name="java.specification.name" value="Java Platform API Specification"/>
    <property name="surefire.real.class.path" value="C:\Users\Z004MBAP\AppData\Local\Temp\surefire12982554167397547167\surefirebooter1890603946671170791.jar"/>
    <property name="user.script" value=""/>
    <property name="sun.management.compiler" value="HotSpot 64-Bit Tiered Compilers"/>
    <property name="java.runtime.version" value="17.0.4.1+9-LTS"/>
    <property name="user.name" value="z004mbap"/>
    <property name="path.separator" value=";"/>
    <property name="os.version" value="10.0"/>
    <property name="java.runtime.name" value="OpenJDK Runtime Environment"/>
    <property name="file.encoding" value="Cp1252"/>
    <property name="java.vm.name" value="OpenJDK 64-Bit Server VM"/>
    <property name="java.vendor.version" value="Corretto-17.0.4.9.1"/>
    <property name="localRepository" value="C:\Users\Z004MBAP\.m2\repository"/>
    <property name="java.vendor.url.bug" value="https://github.com/corretto/corretto-17/issues/"/>
    <property name="java.io.tmpdir" value="C:\Users\Z004MBAP\AppData\Local\Temp\"/>
    <property name="idea.version" value="2022.2"/>
    <property name="java.version" value="17.0.4.1"/>
    <property name="user.dir" value="D:\DevopsProject\WebApp\WebAppAss"/>
    <property name="os.arch" value="amd64"/>
    <property name="java.vm.specification.name" value="Java Virtual Machine Specification"/>
    <property name="sun.os.patch.level" value=""/>
    <property name="native.encoding" value="Cp1252"/>
    <property name="java.library.path" value="C:\Users\Z004MBAP\.jdks\corretto-17.0.4.1\bin;C:\WINDOWS\Sun\Java\bin;C:\WINDOWS\system32;C:\WINDOWS;C:\Program Files (x86)\Zulu\zulu-8-jre\bin\;C:\Program Files\Zulu\zulu-8-jre\bin\;C:\Program Files\Amazon Corretto\jdk11.0.16_9\bin;C:\Program Files (x86)\Common Files\Intel\Shared Libraries\redist\ia32\mpirt;C:\Program Files (x86)\Common Files\Intel\Shared Libraries\redist\ia32\compiler;C:\Program Files (x86)\Common Files\Intel\Shared Files\fortran\bin\ia32;C:\WINDOWS\system32;C:\WINDOWS;C:\WINDOWS\System32\Wbem;C:\WINDOWS\System32\WindowsPowerShell\v1.0\;C:\WINDOWS\System32\OpenSSH\;C:\Program Files\TortoiseSVN\bin;C:\Program Files\PuTTY\;C:\minikube;C:\Program Files\Docker\Docker\resources\bin;C:\ProgramData\DockerDesktop\version-bin;C:\Program Files\IcedTeaWeb\WebStart\bin;C:\Program Files\Git\cmd;C:\Program Files\MySQL\MySQL Shell 8.0\bin\;C:\Users\Z004MBAP\AppData\Local\Microsoft\WindowsApps;C:\Users\Z004MBAP\AppData\Local\Programs\Microsoft VS Code\bin;D:\apache-maven-3.8.6\bin;;."/>
    <property name="java.vm.info" value="mixed mode, sharing"/>
    <property name="java.vendor" value="Amazon.com Inc."/>
    <property name="java.vm.version" value="17.0.4.1+9-LTS"/>
    <property name="sun.io.unicode.encoding" value="UnicodeLittle"/>
    <property name="java.class.version" value="61.0"/>
  </properties>
  <testcase name="contextLoads" classname="com.example.WebAppAss.WebAppAssApplicationTests" time="0.402"/>
</testsuite>